#
# There is insufficient memory for the Java Runtime Environment to continue.
# Native memory allocation (mmap) failed to map 65536 bytes for Failed to commit metaspace.
# Possible reasons:
#   The system is out of physical RAM or swap space
#   The process is running with CompressedOops enabled, and the Java Heap may be blocking the growth of the native heap
# Possible solutions:
#   Reduce memory load on the system
#   Increase physical memory or swap space
#   Check if swap backing store is full
#   Decrease Java heap size (-Xmx/-Xms)
#   Decrease number of Java threads
#   Decrease Java thread stack sizes (-Xss)
#   Set larger code cache with -XX:ReservedCodeCacheSize=
#   JVM is running with Unscaled Compressed Oops mode in which the Java heap is
#     placed in the first 4GB address space. The Java Heap base address is the
#     maximum limit for the native heap growth. Please use -XX:HeapBaseMinAddress
#     to set the Java Heap base and to place the Java Heap above 4GB virtual address.
# This output file may be truncated or incomplete.
#
#  Out of Memory Error (virtualSpaceNode.cpp:110), pid=19844, tid=18064
#
# JRE version: Java(TM) SE Runtime Environment (20.0+36) (build 20+36-2344)
# Java VM: Java HotSpot(TM) 64-Bit Server VM (20+36-2344, mixed mode, tiered, compressed oops, compressed class ptrs, g1 gc, windows-amd64)
# No core dump will be written. Minidumps are not enabled by default on client versions of Windows
#

---------------  S U M M A R Y ------------

Command Line: -Dapplication.home=C:\Program Files\Java\jdk-20 --add-modules=ALL-DEFAULT -Xms8m -Djdk.module.main=jdk.compiler jdk.compiler/com.sun.tools.javac.Main JavaATMPlus.java

Host: AMD Ryzen 5 5500U with Radeon Graphics         , 6 cores, 7G,  Windows 11 , 64 bit Build 22621 (10.0.22621.2361)
Time: Thu Oct  5 10:41:52 2023 India Standard Time elapsed time: 0.304026 seconds (0d 0h 0m 0s)

---------------  T H R E A D  ---------------

Current thread (0x000002f3eddc94e0):  JavaThread "main" [_thread_in_vm, id=18064, stack(0x000000fdc3d00000,0x000000fdc3e00000)]

Stack: [0x000000fdc3d00000,0x000000fdc3e00000]
Native frames: (J=compiled Java code, j=interpreted, Vv=VM code, C=native code)
V  [jvm.dll+0x6bb95a]
V  [jvm.dll+0x8483aa]
V  [jvm.dll+0x849fa5]
V  [jvm.dll+0x84a6a3]
V  [jvm.dll+0x280b0f]
V  [jvm.dll+0x8442eb]
V  [jvm.dll+0x65fd86]
V  [jvm.dll+0x1eb4e7]
V  [jvm.dll+0x6627a2]
V  [jvm.dll+0x66258e]
V  [jvm.dll+0x66079e]
V  [jvm.dll+0x26da26]
V  [jvm.dll+0x21bea7]
V  [jvm.dll+0x211780]
V  [jvm.dll+0x59c26c]
V  [jvm.dll+0x7c35f2]
V  [jvm.dll+0x7c355a]
V  [jvm.dll+0x46cb9d]
V  [jvm.dll+0x47f4c6]
C  [java.dll+0x1657]

Java frames: (J=compiled Java code, j=interpreted, Vv=VM code)
j  java.lang.ClassLoader.defineClass0(Ljava/lang/ClassLoader;Ljava/lang/Class;Ljava/lang/String;[BIILjava/security/ProtectionDomain;ZILjava/lang/Object;)Ljava/lang/Class;+0 java.base@20
j  java.lang.System$2.defineClass(Ljava/lang/ClassLoader;Ljava/lang/Class;Ljava/lang/String;[BLjava/security/ProtectionDomain;ZILjava/lang/Object;)Ljava/lang/Class;+17 java.base@20
j  java.lang.invoke.MethodHandles$Lookup$ClassDefiner.defineClass(ZLjava/lang/Object;)Ljava/lang/Class;+54 java.base@20
j  java.lang.invoke.InvokerBytecodeGenerator.loadMethod([B)Ljava/lang/invoke/MemberName;+19 java.base@20
j  java.lang.invoke.InvokerBytecodeGenerator.generateCustomizedCode(Ljava/lang/invoke/LambdaForm;Ljava/lang/invoke/MethodType;)Ljava/lang/invoke/MemberName;+30 java.base@20
j  java.lang.invoke.LambdaForm.compileToBytecode()V+69 java.base@20
j  java.lang.invoke.LambdaForm.prepare()V+21 java.base@20
j  java.lang.invoke.MethodHandle.<init>(Ljava/lang/invoke/MethodType;Ljava/lang/invoke/LambdaForm;)V+33 java.base@20
j  java.lang.invoke.BoundMethodHandle.<init>(Ljava/lang/invoke/MethodType;Ljava/lang/invoke/LambdaForm;)V+3 java.base@20
j  java.lang.invoke.BoundMethodHandle$Species_L.<init>(Ljava/lang/invoke/MethodType;Ljava/lang/invoke/LambdaForm;Ljava/lang/Object;)V+3 java.base@20
j  java.lang.invoke.BoundMethodHandle$Species_L.copyWith(Ljava/lang/invoke/MethodType;Ljava/lang/invoke/LambdaForm;)Ljava/lang/invoke/BoundMethodHandle;+10 java.base@20
j  java.lang.invoke.MethodHandles.dropArgumentsTrusted(Ljava/lang/invoke/MethodHandle;I[Ljava/lang/Class;)Ljava/lang/invoke/MethodHandle;+103 java.base@20
j  java.lang.invoke.MethodHandles.dropArguments(Ljava/lang/invoke/MethodHandle;I[Ljava/lang/Class;)Ljava/lang/invoke/MethodHandle;+9 java.base@20
j  jdk.internal.reflect.MethodHandleAccessorFactory.makeSpecializedTarget(Ljava/lang/invoke/MethodHandle;ZZ)Ljava/lang/invoke/MethodHandle;+86 java.base@20
j  jdk.internal.reflect.MethodHandleAccessorFactory.getDirectMethod(Ljava/lang/reflect/Method;Z)Ljava/lang/invoke/MethodHandle;+79 java.base@20
j  jdk.internal.reflect.MethodHandleAccessorFactory.newMethodAccessor(Ljava/lang/reflect/Method;Z)Ljdk/internal/reflect/MethodAccessorImpl;+41 java.base@20
j  jdk.internal.reflect.ReflectionFactory.newMethodAccessor(Ljava/lang/reflect/Method;Z)Ljdk/internal/reflect/MethodAccessor;+28 java.base@20
j  java.lang.reflect.Method.acquireMethodAccessor()Ljdk/internal/reflect/MethodAccessor;+38 java.base@20
j  java.lang.reflect.Method.invoke(Ljava/lang/Object;[Ljava/lang/Object;)Ljava/lang/Object;+75 java.base@20
j  java.lang.Class.getEnumConstantsShared()[Ljava/lang/Object;+49 java.base@20
j  java.lang.System$2.getEnumConstantsShared(Ljava/lang/Class;)[Ljava/lang/Enum;+1 java.base@20
j  java.util.EnumMap.getKeyUniverse(Ljava/lang/Class;)[Ljava/lang/Enum;+4 java.base@20
j  java.util.EnumMap.<init>(Ljava/lang/Class;)V+16 java.base@20
j  java.util.stream.StreamOpFlag.set(Ljava/util/stream/StreamOpFlag$Type;)Ljava/util/stream/StreamOpFlag$MaskBuilder;+10 java.base@20
j  java.util.stream.StreamOpFlag.<clinit>()V+11 java.base@20
v  ~StubRoutines::call_stub 0x000002f38753100d
j  java.util.stream.StreamSupport.stream(Ljava/util/Spliterator;Z)Ljava/util/stream/Stream;+11 java.base@20
j  java.util.Collection.stream()Ljava/util/stream/Stream;+7 java.base@20
j  jdk.internal.module.DefaultRoots.compute(Ljava/lang/module/ModuleFinder;Ljava/lang/module/ModuleFinder;)Ljava/util/Set;+6 java.base@20
j  jdk.internal.module.ModuleBootstrap.boot2()Ljava/lang/ModuleLayer;+727 java.base@20
j  jdk.internal.module.ModuleBootstrap.boot()Ljava/lang/ModuleLayer;+64 java.base@20
j  java.lang.System.initPhase2(ZZ)I+0 java.base@20
v  ~StubRoutines::call_stub 0x000002f38753100d

---------------  P R O C E S S  ---------------

Threads class SMR info:
_java_thread_list=0x000002f38f1b60d0, length=9, elements={
0x000002f3eddc94e0, 0x000002f38f1d5900, 0x000002f38f1d6630, 0x000002f38f1f0e70,
0x000002f38f1f37c0, 0x000002f38f1f4100, 0x000002f38f1f8510, 0x000002f39342a0b0,
0x000002f39342aa30
}

Java Threads: ( => current thread )
=>0x000002f3eddc94e0 JavaThread "main" [_thread_in_vm, id=18064, stack(0x000000fdc3d00000,0x000000fdc3e00000)]
  0x000002f38f1d5900 JavaThread "Reference Handler" daemon [_thread_blocked, id=19424, stack(0x000000fdc4400000,0x000000fdc4500000)]
  0x000002f38f1d6630 JavaThread "Finalizer" daemon [_thread_blocked, id=19696, stack(0x000000fdc4500000,0x000000fdc4600000)]
  0x000002f38f1f0e70 JavaThread "Signal Dispatcher" daemon [_thread_blocked, id=19412, stack(0x000000fdc4600000,0x000000fdc4700000)]
  0x000002f38f1f37c0 JavaThread "Attach Listener" daemon [_thread_blocked, id=18000, stack(0x000000fdc4700000,0x000000fdc4800000)]
  0x000002f38f1f4100 JavaThread "Service Thread" daemon [_thread_blocked, id=5584, stack(0x000000fdc4800000,0x000000fdc4900000)]
  0x000002f38f1f8510 JavaThread "Monitor Deflation Thread" daemon [_thread_blocked, id=19200, stack(0x000000fdc4900000,0x000000fdc4a00000)]
  0x000002f39342a0b0 JavaThread "C2 CompilerThread0" daemon [_thread_blocked, id=2220, stack(0x000000fdc4a00000,0x000000fdc4b00000)]
  0x000002f39342aa30 JavaThread "C1 CompilerThread0" daemon [_thread_blocked, id=11460, stack(0x000000fdc4b00000,0x000000fdc4c00000)]

Other Threads:
  0x000002f38f17f600 VMThread "VM Thread" [stack: 0x000000fdc4300000,0x000000fdc4400000] [id=7756]
  0x000002f3ede25510 WorkerThread "GC Thread#0" [stack: 0x000000fdc3e00000,0x000000fdc3f00000] [id=20476]
  0x000002f3ede35860 ConcurrentGCThread "G1 Main Marker" [stack: 0x000000fdc3f00000,0x000000fdc4000000] [id=11300]
  0x000002f3ede36430 WorkerThread "G1 Conc#0" [stack: 0x000000fdc4000000,0x000000fdc4100000] [id=8276]
  0x000002f3ede5c560 ConcurrentGCThread "G1 Refine#0" [stack: 0x000000fdc4100000,0x000000fdc4200000] [id=19640]
  0x000002f3ede5df20 ConcurrentGCThread "G1 Service" [stack: 0x000000fdc4200000,0x000000fdc4300000] [id=14948]

Threads with active compile tasks:

VM state: not at safepoint (normal execution)

VM Mutex/Monitor currently owned by a thread:  ([mutex/lock_event])
[0x000002f3eddb5e70] Metaspace_lock - owner thread: 0x000002f3eddc94e0

Heap address: 0x000000008a800000, size: 1880 MB, Compressed Oops mode: 32-bit

CDS archive(s) not mapped
Compressed class space mapped at: 0x0000000100000000-0x0000000140000000, reserved size: 1073741824
Narrow klass base: 0x0000000000000000, Narrow klass shift: 3, Narrow klass range: 0x140000000

GC Precious Log:
 CardTable entry size: 512
 Card Set container configuration: InlinePtr #cards 5 size 8 Array Of Cards #cards 12 size 40 Howl #buckets 4 coarsen threshold 1843 Howl Bitmap #cards 512 size 80 coarsen threshold 460 Card regions per heap region 1 cards per card region 2048
 CPUs: 6 total, 6 available
 Memory: 7514M
 Large Page Support: Disabled
 NUMA Support: Disabled
 Compressed Oops: Enabled (32-bit)
 Heap Region Size: 1M
 Heap Min Capacity: 8M
 Heap Initial Capacity: 8M
 Heap Max Capacity: 1880M
 Pre-touch: Disabled
 Parallel Workers: 6
 Concurrent Workers: 2
 Concurrent Refinement Workers: 6
 Periodic GC: Disabled

Heap:
 garbage-first heap   total 8192K, used 0K [0x000000008a800000, 0x0000000100000000)
  region size 1024K, 1 young (1024K), 0 survivors (0K)
 Metaspace       used 4710K, committed 4800K, reserved 1114112K
  class space    used 356K, committed 384K, reserved 1048576K

Heap Regions: E=young(eden), S=young(survivor), O=old, HS=humongous(starts), HC=humongous(continues), CS=collection set, F=free, OA=open archive, CA=closed archive, TAMS=top-at-mark-start, PB=parsable bottom
|   0|0x000000008a800000, 0x000000008a800000, 0x000000008a900000|  0%| F|  |TAMS 0x000000008a800000| PB 0x000000008a800000| Untracked 
|   1|0x000000008a900000, 0x000000008a900000, 0x000000008aa00000|  0%| F|  |TAMS 0x000000008a900000| PB 0x000000008a900000| Untracked 
|   2|0x000000008aa00000, 0x000000008aa00000, 0x000000008ab00000|  0%| F|  |TAMS 0x000000008aa00000| PB 0x000000008aa00000| Untracked 
|   3|0x000000008ab00000, 0x000000008ab00000, 0x000000008ac00000|  0%| F|  |TAMS 0x000000008ab00000| PB 0x000000008ab00000| Untracked 
|   4|0x000000008ac00000, 0x000000008ac00000, 0x000000008ad00000|  0%| F|  |TAMS 0x000000008ac00000| PB 0x000000008ac00000| Untracked 
|   5|0x000000008ad00000, 0x000000008ad00000, 0x000000008ae00000|  0%| F|  |TAMS 0x000000008ad00000| PB 0x000000008ad00000| Untracked 
|   6|0x000000008ae00000, 0x000000008ae00000, 0x000000008af00000|  0%| F|  |TAMS 0x000000008ae00000| PB 0x000000008ae00000| Untracked 
|   7|0x000000008af00000, 0x000000008afab258, 0x000000008b000000| 66%| E|  |TAMS 0x000000008af00000| PB 0x000000008af00000| Complete 

Card table byte_map: [0x000002f3f6340000,0x000002f3f66f0000] _byte_map_base: 0x000002f3f5eec000

Marking Bits: (CMBitMap*) 0x000002f3ede25b40
 Bits: [0x000002f3f6aa0000, 0x000002f3f8800000)

Polling page: 0x000002f3ed590000

Metaspace:

Usage:
  Non-class:      4.25 MB used.
      Class:    356.50 KB used.
       Both:      4.60 MB used.

Virtual space:
  Non-class space:       64.00 MB reserved,       4.31 MB (  7%) committed,  1 nodes.
      Class space:        1.00 GB reserved,     384.00 KB ( <1%) committed,  1 nodes.
             Both:        1.06 GB reserved,       4.69 MB ( <1%) committed. 

Chunk freelists:
   Non-Class:  3.00 MB
       Class:  3.62 MB
        Both:  6.62 MB

MaxMetaspaceSize: unlimited
CompressedClassSpaceSize: 1.00 GB
Initial GC threshold: 21.00 MB
Current GC threshold: 21.00 MB
CDS: off
MetaspaceReclaimPolicy: balanced
 - commit_granule_bytes: 65536.
 - commit_granule_words: 8192.
 - virtual_space_node_default_size: 8388608.
 - enlarge_chunks_in_place: 1.
 - new_chunks_are_fully_committed: 0.
 - uncommit_free_chunks: 1.
 - use_allocation_guard: 0.


Internal statistics:

num_allocs_failed_limit: 0.
num_arena_births: 4.
num_arena_deaths: 0.
num_vsnodes_births: 2.
num_vsnodes_deaths: 0.
num_space_committed: 75.
num_space_uncommitted: 0.
num_chunks_returned_to_freelist: 0.
num_chunks_taken_from_freelist: 5.
num_chunk_merges: 0.
num_chunk_splits: 3.
num_chunks_enlarged: 0.
num_inconsistent_stats: 0.

CodeHeap 'non-profiled nmethods': size=120000Kb used=12Kb max_used=12Kb free=119987Kb
 bounds [0x000002f387ad0000, 0x000002f387d40000, 0x000002f38f000000]
CodeHeap 'profiled nmethods': size=120000Kb used=50Kb max_used=50Kb free=119949Kb
 bounds [0x000002f380000000, 0x000002f380270000, 0x000002f387530000]
CodeHeap 'non-nmethods': size=5760Kb used=1282Kb max_used=1282Kb free=4477Kb
 bounds [0x000002f387530000, 0x000002f3877a0000, 0x000002f387ad0000]
 total_blobs=391 nmethods=44 adapters=258
 compilation: enabled
              stopped_count=0, restarted_count=0
 full_count=0

Compilation events (20 events):
Event: 0.211 Thread 0x000002f39342aa30   26       3       java.net.URI::hash (33 bytes)
Event: 0.211 Thread 0x000002f39342aa30 nmethod 26 0x000002f380007210 code [0x000002f380007400, 0x000002f380007898]
Event: 0.223 Thread 0x000002f39342aa30   27       3       java.lang.String::isEmpty (14 bytes)
Event: 0.223 Thread 0x000002f39342aa30 nmethod 27 0x000002f380007a90 code [0x000002f380007c20, 0x000002f380007d98]
Event: 0.224 Thread 0x000002f39342aa30   28       3       java.util.ImmutableCollections$SetN$SetNIterator::hasNext (13 bytes)
Event: 0.225 Thread 0x000002f39342aa30 nmethod 28 0x000002f380007e90 code [0x000002f380008020, 0x000002f380008190]
Event: 0.225 Thread 0x000002f39342aa30   29       3       java.util.concurrent.ConcurrentHashMap::tabAt (22 bytes)
Event: 0.225 Thread 0x000002f39342aa30 nmethod 29 0x000002f380008210 code [0x000002f3800083a0, 0x000002f380008650]
Event: 0.226 Thread 0x000002f39342aa30   30       3       jdk.internal.misc.Unsafe::getReferenceAcquire (7 bytes)
Event: 0.226 Thread 0x000002f39342aa30 nmethod 30 0x000002f380008710 code [0x000002f3800088a0, 0x000002f380008a08]
Event: 0.226 Thread 0x000002f39342aa30   32       3       java.util.concurrent.ConcurrentHashMap::spread (10 bytes)
Event: 0.226 Thread 0x000002f39342aa30 nmethod 32 0x000002f380008a90 code [0x000002f380008c20, 0x000002f380008d18]
Event: 0.262 Thread 0x000002f39342aa30   35       3       java.util.concurrent.ConcurrentHashMap::addCount (280 bytes)
Event: 0.264 Thread 0x000002f39342aa30 nmethod 35 0x000002f380008d90 code [0x000002f380008fc0, 0x000002f380009938]
Event: 0.264 Thread 0x000002f39342aa30   36   !   3       java.util.concurrent.ConcurrentHashMap::putVal (432 bytes)
Event: 0.267 Thread 0x000002f39342aa30 nmethod 36 0x000002f380009c10 code [0x000002f380009f60, 0x000002f38000ba30]
Event: 0.267 Thread 0x000002f39342aa30   37       3       java.util.concurrent.ConcurrentHashMap$Node::<init> (20 bytes)
Event: 0.267 Thread 0x000002f39342aa30 nmethod 37 0x000002f38000c410 code [0x000002f38000c5a0, 0x000002f38000c7d0]
Event: 0.285 Thread 0x000002f39342aa30   44       1       java.lang.Enum::ordinal (5 bytes)
Event: 0.285 Thread 0x000002f39342aa30 nmethod 44 0x000002f387ad2e10 code [0x000002f387ad2f80, 0x000002f387ad3048]

GC Heap History (0 events):
No events

Dll operation events (2 events):
Event: 0.021 Loaded shared library C:\Program Files\Java\jdk-20\bin\java.dll
Event: 0.085 Loaded shared library C:\Program Files\Java\jdk-20\bin\jsvml.dll

Deoptimization events (0 events):
No events

Classes loaded (20 events):
Event: 0.284 Loading class sun/invoke/util/VerifyType
Event: 0.284 Loading class sun/invoke/util/VerifyType done
Event: 0.284 Loading class sun/invoke/empty/Empty
Event: 0.284 Loading class sun/invoke/empty/Empty done
Event: 0.285 Loading class java/util/ArrayList$Itr
Event: 0.286 Loading class java/util/ArrayList$Itr done
Event: 0.286 Loading class jdk/internal/org/objectweb/asm/FieldWriter
Event: 0.286 Loading class jdk/internal/org/objectweb/asm/FieldVisitor
Event: 0.286 Loading class jdk/internal/org/objectweb/asm/FieldVisitor done
Event: 0.286 Loading class jdk/internal/org/objectweb/asm/FieldWriter done
Event: 0.286 Loading class jdk/internal/org/objectweb/asm/Attribute
Event: 0.287 Loading class jdk/internal/org/objectweb/asm/Attribute done
Event: 0.287 Loading class jdk/internal/org/objectweb/asm/Handler
Event: 0.287 Loading class jdk/internal/org/objectweb/asm/Handler done
Event: 0.287 Loading class java/lang/invoke/MethodHandles$Lookup$ClassFile
Event: 0.288 Loading class java/lang/invoke/MethodHandles$Lookup$ClassFile done
Event: 0.288 Loading class java/lang/invoke/MethodHandles$Lookup$ClassOption
Event: 0.288 Loading class java/lang/invoke/MethodHandles$Lookup$ClassOption done
Event: 0.288 Loading class java/lang/invoke/MethodHandles$Lookup$ClassDefiner
Event: 0.288 Loading class java/lang/invoke/MethodHandles$Lookup$ClassDefiner done

Classes unloaded (0 events):
No events

Classes redefined (0 events):
No events

Internal exceptions (0 events):
No events

VM Operations (0 events):
No events

Events (9 events):
Event: 0.086 Thread 0x000002f3eddc94e0 Thread added: 0x000002f3eddc94e0
Event: 0.165 Thread 0x000002f38f1d5900 Thread added: 0x000002f38f1d5900
Event: 0.165 Thread 0x000002f38f1d6630 Thread added: 0x000002f38f1d6630
Event: 0.168 Thread 0x000002f38f1f0e70 Thread added: 0x000002f38f1f0e70
Event: 0.168 Thread 0x000002f38f1f37c0 Thread added: 0x000002f38f1f37c0
Event: 0.168 Thread 0x000002f38f1f4100 Thread added: 0x000002f38f1f4100
Event: 0.169 Thread 0x000002f38f1f8510 Thread added: 0x000002f38f1f8510
Event: 0.169 Thread 0x000002f39342a0b0 Thread added: 0x000002f39342a0b0
Event: 0.170 Thread 0x000002f39342aa30 Thread added: 0x000002f39342aa30


Dynamic libraries:
0x00007ff6aec20000 - 0x00007ff6aec28000 	C:\Program Files\Java\jdk-20\bin\javac.exe
0x00007ff94ac30000 - 0x00007ff94ae47000 	C:\WINDOWS\SYSTEM32\ntdll.dll
0x00007ff9490c0000 - 0x00007ff949184000 	C:\WINDOWS\System32\KERNEL32.DLL
0x00007ff9482d0000 - 0x00007ff948676000 	C:\WINDOWS\System32\KERNELBASE.dll
0x00007ff948870000 - 0x00007ff948981000 	C:\WINDOWS\System32\ucrtbase.dll
0x00007ff90da60000 - 0x00007ff90da7b000 	C:\Program Files\Java\jdk-20\bin\VCRUNTIME140.dll
0x00007ff90b3d0000 - 0x00007ff90b3e9000 	C:\Program Files\Java\jdk-20\bin\jli.dll
0x00007ff949420000 - 0x00007ff9494d0000 	C:\WINDOWS\System32\ADVAPI32.dll
0x00007ff949890000 - 0x00007ff949937000 	C:\WINDOWS\System32\msvcrt.dll
0x00007ff949010000 - 0x00007ff9490b6000 	C:\WINDOWS\System32\sechost.dll
0x00007ff9492a0000 - 0x00007ff9493b7000 	C:\WINDOWS\System32\RPCRT4.dll
0x00007ff949f90000 - 0x00007ff94a13e000 	C:\WINDOWS\System32\USER32.dll
0x00007ff948190000 - 0x00007ff9481b6000 	C:\WINDOWS\System32\win32u.dll
0x00007ff926a80000 - 0x00007ff926d13000 	C:\WINDOWS\WinSxS\amd64_microsoft.windows.common-controls_6595b64144ccf1df_6.0.22621.2361_none_2712ced57382f843\COMCTL32.dll
0x00007ff94aa90000 - 0x00007ff94aab9000 	C:\WINDOWS\System32\GDI32.dll
0x00007ff948070000 - 0x00007ff948188000 	C:\WINDOWS\System32\gdi32full.dll
0x00007ff948230000 - 0x00007ff9482ca000 	C:\WINDOWS\System32\msvcp_win.dll
0x00007ff940470000 - 0x00007ff94047a000 	C:\WINDOWS\SYSTEM32\VERSION.dll
0x00007ff9496a0000 - 0x00007ff9496d1000 	C:\WINDOWS\System32\IMM32.DLL
0x00007ff937e10000 - 0x00007ff937e1c000 	C:\Program Files\Java\jdk-20\bin\vcruntime140_1.dll
0x00007ff8fc960000 - 0x00007ff8fc9ee000 	C:\Program Files\Java\jdk-20\bin\msvcp140.dll
0x00007ff8deb10000 - 0x00007ff8df7a7000 	C:\Program Files\Java\jdk-20\bin\server\jvm.dll
0x00007ff93f0e0000 - 0x00007ff93f114000 	C:\WINDOWS\SYSTEM32\WINMM.dll
0x00007ff93e7e0000 - 0x00007ff93e7e9000 	C:\WINDOWS\SYSTEM32\WSOCK32.dll
0x00007ff949620000 - 0x00007ff949691000 	C:\WINDOWS\System32\WS2_32.dll
0x00007ff946ff0000 - 0x00007ff947008000 	C:\WINDOWS\SYSTEM32\kernel.appcore.dll
0x00007ff936ac0000 - 0x00007ff936aca000 	C:\Program Files\Java\jdk-20\bin\jimage.dll
0x00007ff93b9e0000 - 0x00007ff93bc0e000 	C:\WINDOWS\SYSTEM32\DBGHELP.DLL
0x00007ff948990000 - 0x00007ff948d1a000 	C:\WINDOWS\System32\combase.dll
0x00007ff94aac0000 - 0x00007ff94ab97000 	C:\WINDOWS\System32\OLEAUT32.dll
0x00007ff92b830000 - 0x00007ff92b862000 	C:\WINDOWS\SYSTEM32\dbgcore.DLL
0x00007ff9487f0000 - 0x00007ff94886a000 	C:\WINDOWS\System32\bcryptPrimitives.dll
0x00007ff90b3a0000 - 0x00007ff90b3c6000 	C:\Program Files\Java\jdk-20\bin\java.dll
0x00007ff8fc880000 - 0x00007ff8fc957000 	C:\Program Files\Java\jdk-20\bin\jsvml.dll
0x00007ff94a140000 - 0x00007ff94a998000 	C:\WINDOWS\System32\SHELL32.dll
0x00007ff945f10000 - 0x00007ff946802000 	C:\WINDOWS\SYSTEM32\windows.storage.dll
0x00007ff945dd0000 - 0x00007ff945f0e000 	C:\WINDOWS\SYSTEM32\wintypes.dll
0x00007ff948e20000 - 0x00007ff948f13000 	C:\WINDOWS\System32\SHCORE.dll
0x00007ff949230000 - 0x00007ff94928e000 	C:\WINDOWS\System32\shlwapi.dll
0x00007ff947ee0000 - 0x00007ff947f06000 	C:\WINDOWS\SYSTEM32\profapi.dll

dbghelp: loaded successfully - version: 4.0.5 - missing functions: none
symbol engine: initialized successfully - sym options: 0x614 - pdb path: .;C:\Program Files\Java\jdk-20\bin;C:\WINDOWS\SYSTEM32;C:\WINDOWS\WinSxS\amd64_microsoft.windows.common-controls_6595b64144ccf1df_6.0.22621.2361_none_2712ced57382f843;C:\Program Files\Java\jdk-20\bin\server

VM Arguments:
jvm_args: -Dapplication.home=C:\Program Files\Java\jdk-20 --add-modules=ALL-DEFAULT -Xms8m -Djdk.module.main=jdk.compiler 
java_command: jdk.compiler/com.sun.tools.javac.Main JavaATMPlus.java
java_class_path (initial): <not set>
Launcher Type: SUN_STANDARD

[Global flags]
     intx CICompilerCount                          = 3                                         {product} {ergonomic}
     uint ConcGCThreads                            = 2                                         {product} {ergonomic}
     uint G1ConcRefinementThreads                  = 6                                         {product} {ergonomic}
   size_t G1HeapRegionSize                         = 1048576                                   {product} {ergonomic}
    uintx GCDrainStackTargetSize                   = 64                                        {product} {ergonomic}
   size_t InitialHeapSize                          = 8388608                                   {product} {command line}
   size_t MarkStackSize                            = 4194304                                   {product} {ergonomic}
   size_t MaxHeapSize                              = 1971322880                                {product} {ergonomic}
   size_t MaxNewSize                               = 1182793728                                {product} {ergonomic}
   size_t MinHeapDeltaBytes                        = 1048576                                   {product} {ergonomic}
   size_t MinHeapSize                              = 8388608                                   {product} {command line}
    uintx NonNMethodCodeHeapSize                   = 5832780                                {pd product} {ergonomic}
    uintx NonProfiledCodeHeapSize                  = 122912730                              {pd product} {ergonomic}
    uintx ProfiledCodeHeapSize                     = 122912730                              {pd product} {ergonomic}
    uintx ReservedCodeCacheSize                    = 251658240                              {pd product} {ergonomic}
     bool SegmentedCodeCache                       = true                                      {product} {ergonomic}
   size_t SoftMaxHeapSize                          = 1971322880                             {manageable} {ergonomic}
     bool UseCompressedClassPointers               = true                           {product lp64_product} {ergonomic}
     bool UseCompressedOops                        = true                           {product lp64_product} {ergonomic}
     bool UseG1GC                                  = true                                      {product} {ergonomic}
     bool UseLargePagesIndividualAllocation        = false                                  {pd product} {ergonomic}

Logging:
Log output configuration:
 #0: stdout all=warning uptime,level,tags foldmultilines=false
 #1: stderr all=off uptime,level,tags foldmultilines=false

Environment Variables:
PATH=C:\Program Files\Common Files\Oracle\Java\javapath;C:\Program Files (x86)\Common Files\Oracle\Java\javapath;C:\Windows\system32;C:\Windows;C:\Windows\System32\Wbem;C:\Windows\System32\WindowsPowerShell\v1.0\;C:\Windows\System32\OpenSSH\;C:\Program Files (x86)\NVIDIA Corporation\PhysX\Common;C:\Program Files\NVIDIA Corporation\NVIDIA NvDLISR;C:\WINDOWS\system32;C:\WINDOWS;C:\WINDOWS\System32\Wbem;C:\WINDOWS\System32\WindowsPowerShell\v1.0\;C:\WINDOWS\System32\OpenSSH\;C:\MinGW\bin;C:\Program Files\MySQL\MySQL Server 8.0\bin;C:\Program Files\dotnet\;C:\Program Files\Git\cmd;C:\Users\jaybh\AppData\Local\Programs\Python\Python311\Scripts\;C:\Users\jaybh\AppData\Local\Programs\Python\Python311\;C:\Program Files\MySQL\MySQL Shell 8.0\bin\;C:\Users\jaybh\AppData\Local\Microsoft\WindowsApps;C:\Users\jaybh\AppData\Local\Programs\Microsoft VS Code\bin;C:\MinGW\bin;C:\Program Files\JetBrains\IntelliJ IDEA Community Edition 2023.1\bin;;C:\Users\jaybh\AppData\Local\GitHubDesktop\bin;C:\Program Files\JetBrains\PyCharm Community Edition 2023.2.1\bin;
USERNAME=jaybh
LANG=en_US.UTF-8
OS=Windows_NT
PROCESSOR_IDENTIFIER=AMD64 Family 23 Model 104 Stepping 1, AuthenticAMD
TMP=C:\Users\jaybh\AppData\Local\Temp
TEMP=C:\Users\jaybh\AppData\Local\Temp




---------------  S Y S T E M  ---------------

OS:
 Windows 11 , 64 bit Build 22621 (10.0.22621.2361)
OS uptime: 1 days 14:58 hours

CPU: total 6 (initial active 6) (12 cores per cpu, 2 threads per core) family 23 model 104 stepping 1 microcode 0x0, cx8, cmov, fxsr, ht, mmx, 3dnowpref, sse, sse2, sse3, ssse3, sse4a, sse4.1, sse4.2, popcnt, lzcnt, tsc, tscinvbit, avx, avx2, aes, clmul, bmi1, bmi2, adx, sha, fma, vzeroupper, clflush, clflushopt, rdtscp, rdpid, f16c

Memory: 4k page, system-wide physical 7514M (921M free)
TotalPageFile size 12314M (AvailPageFile size 0M)
current process WorkingSet (physical memory assigned to process): 27M, peak: 27M
current process commit charge ("private bytes"): 73M, peak: 73M

vm_info: Java HotSpot(TM) 64-Bit Server VM (20+36-2344) for windows-amd64 JRE (20+36-2344), built on 2023-02-10T19:30:15Z by "mach5one" with MS VC++ 17.1 (VS2022)

END.
